<?xml version="1.0" encoding="UTF-8"?>
<!-- Generated by org.testng.reporters.JUnitReportReporter -->
<testsuite hostname="ANIKET" failures="0" tests="1" name="org.example.AppTest" time="3.694" errors="0" timestamp="2023-04-20T23:28:56 IST" skipped="0">
  <testcase classname="org.example.AppTest" name="googleTest" time="3.694"/>
  <system-out/>
</testsuite> <!-- org.example.AppTest -->
